<?xml version="1.0" encoding="UTF-8"?>
<!-- Generated by org.testng.reporters.JUnitReportReporter -->
<testsuite skipped="0" hostname="E7841-Tech" name="com.LearningAPI.TestCases.UserRegistrationAPI" tests="4" failures="1" timestamp="22 Jan 2020 06:25:25 GMT" time="1.671" errors="0">
  <testcase name="UserRegistration_Test" time="0.292" classname="com.LearningAPI.TestCases.UserRegistrationAPI"/>
  <testcase name="UserRegistration_Test" time="0.313" classname="com.LearningAPI.TestCases.UserRegistrationAPI"/>
  <testcase name="UserRegistration_Test" time="0.731" classname="com.LearningAPI.TestCases.UserRegistrationAPI"/>
  <testcase name="UserRegistration_Test" time="0.335" classname="com.LearningAPI.TestCases.UserRegistrationAPI">
    <failure type="java.lang.AssertionError" message="Validation Response_param is :(response_code),Actual Response_paramvalue(3007)did not match with Expected Response_paramvalue() expected [true] but found [false]">
      <![CDATA[java.lang.AssertionError: Validation Response_param is :(response_code),Actual Response_paramvalue(3007)did not match with Expected Response_paramvalue() expected [true] but found [false]
at org.testng.Assert.fail(Assert.java:96)
at org.testng.Assert.failNotEquals(Assert.java:776)
at org.testng.Assert.assertTrue(Assert.java:44)
at com.LearningAPI.TestCases.BaseTest.postExecutionvalidation(BaseTest.java:99)
at com.LearningAPI.TestCases.UserRegistrationAPI.UserRegistration_Test(UserRegistrationAPI.java:115)
at sun.reflect.NativeMethodAccessorImpl.invoke0(Native Method)
at sun.reflect.NativeMethodAccessorImpl.invoke(Unknown Source)
at sun.reflect.DelegatingMethodAccessorImpl.invoke(Unknown Source)
at java.lang.reflect.Method.invoke(Unknown Source)
at org.testng.internal.MethodInvocationHelper.invokeMethod(MethodInvocationHelper.java:124)
at org.testng.internal.Invoker.invokeMethod(Invoker.java:583)
at org.testng.internal.Invoker.invokeTestMethod(Invoker.java:719)
at org.testng.internal.Invoker.invokeTestMethods(Invoker.java:989)
at org.testng.internal.TestMethodWorker.invokeTestMethods(TestMethodWorker.java:125)
at org.testng.internal.TestMethodWorker.run(TestMethodWorker.java:109)
at org.testng.TestRunner.privateRun(TestRunner.java:648)
at org.testng.TestRunner.run(TestRunner.java:505)
at org.testng.SuiteRunner.runTest(SuiteRunner.java:455)
at org.testng.SuiteRunner.runSequentially(SuiteRunner.java:450)
at org.testng.SuiteRunner.privateRun(SuiteRunner.java:415)
at org.testng.SuiteRunner.run(SuiteRunner.java:364)
at org.testng.SuiteRunnerWorker.runSuite(SuiteRunnerWorker.java:52)
at org.testng.SuiteRunnerWorker.run(SuiteRunnerWorker.java:84)
at org.testng.TestNG.runSuitesSequentially(TestNG.java:1208)
at org.testng.TestNG.runSuitesLocally(TestNG.java:1137)
at org.testng.TestNG.runSuites(TestNG.java:1049)
at org.testng.TestNG.run(TestNG.java:1017)
at org.testng.remote.AbstractRemoteTestNG.run(AbstractRemoteTestNG.java:115)
at org.testng.remote.RemoteTestNG.initAndRun(RemoteTestNG.java:251)
at org.testng.remote.RemoteTestNG.main(RemoteTestNG.java:77)
]]>
    </failure>
  </testcase> <!-- UserRegistration_Test -->
</testsuite> <!-- com.LearningAPI.TestCases.UserRegistrationAPI -->
